This file contains any messages produced by compilers while
running configure, to aid debugging if configure makes a mistake.

It was created by configure, which was
generated by GNU Autoconf 2.69.  Invocation command line was

  $ ./configure --prefix=/home/chandard/OpenFOAM/chandard-v1812/run/Overset1D/1DMatrix/laplacianFoam/twoDOverset/itsol-master

## --------- ##
## Platform. ##
## --------- ##

hostname = DESKTOP-H7G09FI
uname -m = x86_64
uname -r = 4.19.104-microsoft-standard
uname -s = Linux
uname -v = #1 SMP Wed Feb 19 06:37:35 UTC 2020

/usr/bin/uname -p = unknown
/bin/uname -X     = unknown

/bin/arch              = unknown
/usr/bin/arch -k       = unknown
/usr/convex/getsysinfo = unknown
/usr/bin/hostinfo      = unknown
/bin/machine           = unknown
/usr/bin/oslevel       = unknown
/bin/universe          = unknown

PATH: /home/chandard/software/ThirdParty-v1812/platforms/linux64Gcc/gperftools-2.5/bin
PATH: /home/chandard/OpenFOAM/chandard-v1812/platforms/linux64GccDPInt32Opt/bin
PATH: /home/chandard/software/OpenFOAM-v1812/site/v1812/platforms/linux64GccDPInt32Opt/bin
PATH: /home/chandard/software/OpenFOAM-v1812/platforms/linux64GccDPInt32Opt/bin
PATH: /home/chandard/software/OpenFOAM-v1812/bin
PATH: /home/chandard/software/OpenFOAM-v1812/wmake
PATH: /usr/local/sbin
PATH: /usr/local/bin
PATH: /usr/sbin
PATH: /usr/bin
PATH: /sbin
PATH: /bin
PATH: /usr/games
PATH: /usr/local/games
PATH: /mnt/c/Program Files (x86)/Intel/iCLS Client/
PATH: /mnt/c/Program Files/Intel/iCLS Client/
PATH: /mnt/c/WINDOWS/system32
PATH: /mnt/c/WINDOWS
PATH: /mnt/c/WINDOWS/System32/Wbem
PATH: /mnt/c/WINDOWS/System32/WindowsPowerShell/v1.0/
PATH: /mnt/c/Program Files/Intel/WiFi/bin/
PATH: /mnt/c/Program Files/Common Files/Intel/WirelessCommon/
PATH: /mnt/c/Program Files (x86)/Intel/Intel(R) Management Engine Components/DAL
PATH: /mnt/c/Program Files/Intel/Intel(R) Management Engine Components/DAL
PATH: /mnt/c/Program Files (x86)/Intel/Intel(R) Management Engine Components/IPT
PATH: /mnt/c/Program Files/Intel/Intel(R) Management Engine Components/IPT
PATH: /mnt/c/WINDOWS/System32/OpenSSH/
PATH: /mnt/c/Users/MaiBabu/AppData/Local/Microsoft/WindowsApps
PATH: /snap/bin


## ----------- ##
## Core tests. ##
## ----------- ##

configure:2206: ============================== compilers ===========================
configure:2265: checking for gcc
configure:2281: found /usr/bin/gcc
configure:2292: result: gcc
configure:2323: checking for C compiler version
configure:2332: gcc --version >&5
gcc (Ubuntu 7.5.0-3ubuntu1~18.04) 7.5.0
Copyright (C) 2017 Free Software Foundation, Inc.
This is free software; see the source for copying conditions.  There is NO
warranty; not even for MERCHANTABILITY or FITNESS FOR A PARTICULAR PURPOSE.

configure:2343: $? = 0
configure:2332: gcc -v >&5
Using built-in specs.
COLLECT_GCC=gcc
COLLECT_LTO_WRAPPER=/usr/lib/gcc/x86_64-linux-gnu/7/lto-wrapper
OFFLOAD_TARGET_NAMES=nvptx-none
OFFLOAD_TARGET_DEFAULT=1
Target: x86_64-linux-gnu
Configured with: ../src/configure -v --with-pkgversion='Ubuntu 7.5.0-3ubuntu1~18.04' --with-bugurl=file:///usr/share/doc/gcc-7/README.Bugs --enable-languages=c,ada,c++,go,brig,d,fortran,objc,obj-c++ --prefix=/usr --with-gcc-major-version-only --program-suffix=-7 --program-prefix=x86_64-linux-gnu- --enable-shared --enable-linker-build-id --libexecdir=/usr/lib --without-included-gettext --enable-threads=posix --libdir=/usr/lib --enable-nls --enable-bootstrap --enable-clocale=gnu --enable-libstdcxx-debug --enable-libstdcxx-time=yes --with-default-libstdcxx-abi=new --enable-gnu-unique-object --disable-vtable-verify --enable-libmpx --enable-plugin --enable-default-pie --with-system-zlib --with-target-system-zlib --enable-objc-gc=auto --enable-multiarch --disable-werror --with-arch-32=i686 --with-abi=m64 --with-multilib-list=m32,m64,mx32 --enable-multilib --with-tune=generic --enable-offload-targets=nvptx-none --without-cuda-driver --enable-checking=release --build=x86_64-linux-gnu --host=x86_64-linux-gnu --target=x86_64-linux-gnu
Thread model: posix
gcc version 7.5.0 (Ubuntu 7.5.0-3ubuntu1~18.04) 
configure:2343: $? = 0
configure:2332: gcc -V >&5
gcc: error: unrecognized command line option '-V'
gcc: fatal error: no input files
compilation terminated.
configure:2343: $? = 1
configure:2332: gcc -qversion >&5
gcc: error: unrecognized command line option '-qversion'; did you mean '--version'?
gcc: fatal error: no input files
compilation terminated.
configure:2343: $? = 1
configure:2363: checking whether the C compiler works
configure:2385: gcc    conftest.c  >&5
configure:2389: $? = 0
configure:2437: result: yes
configure:2440: checking for C compiler default output file name
configure:2442: result: a.out
configure:2448: checking for suffix of executables
configure:2455: gcc -o conftest    conftest.c  >&5
configure:2459: $? = 0
configure:2481: result: 
configure:2503: checking whether we are cross compiling
configure:2511: gcc -o conftest    conftest.c  >&5
configure:2515: $? = 0
configure:2522: ./conftest
configure:2526: $? = 0
configure:2541: result: no
configure:2546: checking for suffix of object files
configure:2568: gcc -c   conftest.c >&5
configure:2572: $? = 0
configure:2593: result: o
configure:2597: checking whether we are using the GNU C compiler
configure:2616: gcc -c   conftest.c >&5
configure:2616: $? = 0
configure:2625: result: yes
configure:2634: checking whether gcc accepts -g
configure:2654: gcc -c -g  conftest.c >&5
configure:2654: $? = 0
configure:2695: result: yes
configure:2712: checking for gcc option to accept ISO C89
configure:2775: gcc  -c -g -O2  conftest.c >&5
configure:2775: $? = 0
configure:2788: result: none needed
configure:2861: checking for gfortran
configure:2877: found /usr/bin/gfortran
configure:2888: result: gfortran
configure:2914: checking for Fortran compiler version
configure:2923: gfortran --version >&5
GNU Fortran (Ubuntu 7.5.0-3ubuntu1~18.04) 7.5.0
Copyright (C) 2017 Free Software Foundation, Inc.
This is free software; see the source for copying conditions.  There is NO
warranty; not even for MERCHANTABILITY or FITNESS FOR A PARTICULAR PURPOSE.

configure:2934: $? = 0
configure:2923: gfortran -v >&5
Using built-in specs.
COLLECT_GCC=gfortran
COLLECT_LTO_WRAPPER=/usr/lib/gcc/x86_64-linux-gnu/7/lto-wrapper
OFFLOAD_TARGET_NAMES=nvptx-none
OFFLOAD_TARGET_DEFAULT=1
Target: x86_64-linux-gnu
Configured with: ../src/configure -v --with-pkgversion='Ubuntu 7.5.0-3ubuntu1~18.04' --with-bugurl=file:///usr/share/doc/gcc-7/README.Bugs --enable-languages=c,ada,c++,go,brig,d,fortran,objc,obj-c++ --prefix=/usr --with-gcc-major-version-only --program-suffix=-7 --program-prefix=x86_64-linux-gnu- --enable-shared --enable-linker-build-id --libexecdir=/usr/lib --without-included-gettext --enable-threads=posix --libdir=/usr/lib --enable-nls --enable-bootstrap --enable-clocale=gnu --enable-libstdcxx-debug --enable-libstdcxx-time=yes --with-default-libstdcxx-abi=new --enable-gnu-unique-object --disable-vtable-verify --enable-libmpx --enable-plugin --enable-default-pie --with-system-zlib --with-target-system-zlib --enable-objc-gc=auto --enable-multiarch --disable-werror --with-arch-32=i686 --with-abi=m64 --with-multilib-list=m32,m64,mx32 --enable-multilib --with-tune=generic --enable-offload-targets=nvptx-none --without-cuda-driver --enable-checking=release --build=x86_64-linux-gnu --host=x86_64-linux-gnu --target=x86_64-linux-gnu
Thread model: posix
gcc version 7.5.0 (Ubuntu 7.5.0-3ubuntu1~18.04) 
configure:2934: $? = 0
configure:2923: gfortran -V >&5
gfortran: error: unrecognized command line option '-V'
gfortran: fatal error: no input files
compilation terminated.
configure:2934: $? = 1
configure:2923: gfortran -qversion >&5
gfortran: error: unrecognized command line option '-qversion'; did you mean '--version'?
gfortran: fatal error: no input files
compilation terminated.
configure:2934: $? = 1
configure:2943: checking whether we are using the GNU Fortran compiler
configure:2956: gfortran -c   conftest.F >&5
configure:2956: $? = 0
configure:2965: result: yes
configure:2971: checking whether gfortran accepts -g
configure:2982: gfortran -c -g  conftest.f >&5
configure:2982: $? = 0
configure:2990: result: yes
configure:3024: checking how to run the C preprocessor
configure:3055: gcc -E  conftest.c
configure:3055: $? = 0
configure:3069: gcc -E  conftest.c
conftest.c:9:10: fatal error: ac_nonexistent.h: No such file or directory
 #include <ac_nonexistent.h>
          ^~~~~~~~~~~~~~~~~~
compilation terminated.
configure:3069: $? = 1
configure: failed program was:
| /* confdefs.h */
| #define PACKAGE_NAME ""
| #define PACKAGE_TARNAME ""
| #define PACKAGE_VERSION ""
| #define PACKAGE_STRING ""
| #define PACKAGE_BUGREPORT ""
| #define PACKAGE_URL ""
| /* end confdefs.h.  */
| #include <ac_nonexistent.h>
configure:3094: result: gcc -E
configure:3114: gcc -E  conftest.c
configure:3114: $? = 0
configure:3128: gcc -E  conftest.c
conftest.c:9:10: fatal error: ac_nonexistent.h: No such file or directory
 #include <ac_nonexistent.h>
          ^~~~~~~~~~~~~~~~~~
compilation terminated.
configure:3128: $? = 1
configure: failed program was:
| /* confdefs.h */
| #define PACKAGE_NAME ""
| #define PACKAGE_TARNAME ""
| #define PACKAGE_VERSION ""
| #define PACKAGE_STRING ""
| #define PACKAGE_BUGREPORT ""
| #define PACKAGE_URL ""
| /* end confdefs.h.  */
| #include <ac_nonexistent.h>
configure:3172: checking whether gcc supports -Wmissing-declarations 
configure:3187: gcc -c -g -O2 -Wall -Wextra -Wmissing-declarations  conftest.c >&5
conftest.c:9:1: warning: return type defaults to 'int' [-Wimplicit-int]
 main(){}
 ^~~~
configure:3187: $? = 0
configure:3194: result: yes
configure:3172: checking whether gcc supports -Wmissing-prototypes 
configure:3187: gcc -c -g -O2 -Wall -Wextra -Wmissing-declarations -Wmissing-prototypes  conftest.c >&5
conftest.c:9:1: warning: return type defaults to 'int' [-Wimplicit-int]
 main(){}
 ^~~~
configure:3187: $? = 0
configure:3194: result: yes
configure:3172: checking whether gcc supports -Wimplicit-function-declaration 
configure:3187: gcc -c -g -O2 -Wall -Wextra -Wmissing-declarations -Wmissing-prototypes -Wimplicit-function-declaration  conftest.c >&5
conftest.c:9:1: warning: return type defaults to 'int' [-Wimplicit-int]
 main(){}
 ^~~~
configure:3187: $? = 0
configure:3194: result: yes
configure:3172: checking whether gcc supports -Wunused 
configure:3187: gcc -c -g -O2 -Wall -Wextra -Wmissing-declarations -Wmissing-prototypes -Wimplicit-function-declaration -Wunused  conftest.c >&5
conftest.c:9:1: warning: return type defaults to 'int' [-Wimplicit-int]
 main(){}
 ^~~~
configure:3187: $? = 0
configure:3194: result: yes
configure:3172: checking whether gcc supports -Wuninitialized 
configure:3187: gcc -c -g -O2 -Wall -Wextra -Wmissing-declarations -Wmissing-prototypes -Wimplicit-function-declaration -Wunused -Wuninitialized  conftest.c >&5
conftest.c:9:1: warning: return type defaults to 'int' [-Wimplicit-int]
 main(){}
 ^~~~
configure:3187: $? = 0
configure:3194: result: yes
configure:3172: checking whether gcc supports -Wvla 
configure:3187: gcc -c -g -O2 -Wall -Wextra -Wmissing-declarations -Wmissing-prototypes -Wimplicit-function-declaration -Wunused -Wuninitialized -Wvla  conftest.c >&5
conftest.c:9:1: warning: return type defaults to 'int' [-Wimplicit-int]
 main(){}
 ^~~~
configure:3187: $? = 0
configure:3194: result: yes
configure:3172: checking whether gcc supports -Wformat 
configure:3187: gcc -c -g -O2 -Wall -Wextra -Wmissing-declarations -Wmissing-prototypes -Wimplicit-function-declaration -Wunused -Wuninitialized -Wvla -Wformat  conftest.c >&5
conftest.c:9:1: warning: return type defaults to 'int' [-Wimplicit-int]
 main(){}
 ^~~~
configure:3187: $? = 0
configure:3194: result: yes
configure:3172: checking whether gcc supports -Wformat-security 
configure:3187: gcc -c -g -O2 -Wall -Wextra -Wmissing-declarations -Wmissing-prototypes -Wimplicit-function-declaration -Wunused -Wuninitialized -Wvla -Wformat -Wformat-security  conftest.c >&5
conftest.c:9:1: warning: return type defaults to 'int' [-Wimplicit-int]
 main(){}
 ^~~~
configure:3187: $? = 0
configure:3194: result: yes
configure:3172: checking whether gcc supports -Wmain 
configure:3187: gcc -c -g -O2 -Wall -Wextra -Wmissing-declarations -Wmissing-prototypes -Wimplicit-function-declaration -Wunused -Wuninitialized -Wvla -Wformat -Wformat-security -Wmain  conftest.c >&5
conftest.c:9:1: warning: return type defaults to 'int' [-Wimplicit-int]
 main(){}
 ^~~~
configure:3187: $? = 0
configure:3194: result: yes
configure:3172: checking whether gcc supports -Wsequence-point 
configure:3187: gcc -c -g -O2 -Wall -Wextra -Wmissing-declarations -Wmissing-prototypes -Wimplicit-function-declaration -Wunused -Wuninitialized -Wvla -Wformat -Wformat-security -Wmain -Wsequence-point  conftest.c >&5
conftest.c:9:1: warning: return type defaults to 'int' [-Wimplicit-int]
 main(){}
 ^~~~
configure:3187: $? = 0
configure:3194: result: yes
configure:3172: checking whether gcc supports -Wshadow 
configure:3187: gcc -c -g -O2 -Wall -Wextra -Wmissing-declarations -Wmissing-prototypes -Wimplicit-function-declaration -Wunused -Wuninitialized -Wvla -Wformat -Wformat-security -Wmain -Wsequence-point -Wshadow  conftest.c >&5
conftest.c:9:1: warning: return type defaults to 'int' [-Wimplicit-int]
 main(){}
 ^~~~
configure:3187: $? = 0
configure:3194: result: yes
configure:3172: checking whether gcc supports -Wbad-function-cast 
configure:3187: gcc -c -g -O2 -Wall -Wextra -Wmissing-declarations -Wmissing-prototypes -Wimplicit-function-declaration -Wunused -Wuninitialized -Wvla -Wformat -Wformat-security -Wmain -Wsequence-point -Wshadow -Wbad-function-cast  conftest.c >&5
conftest.c:9:1: warning: return type defaults to 'int' [-Wimplicit-int]
 main(){}
 ^~~~
configure:3187: $? = 0
configure:3194: result: yes
configure:3172: checking whether gcc supports -Wcomments 
configure:3187: gcc -c -g -O2 -Wall -Wextra -Wmissing-declarations -Wmissing-prototypes -Wimplicit-function-declaration -Wunused -Wuninitialized -Wvla -Wformat -Wformat-security -Wmain -Wsequence-point -Wshadow -Wbad-function-cast -Wcomments  conftest.c >&5
conftest.c:9:1: warning: return type defaults to 'int' [-Wimplicit-int]
 main(){}
 ^~~~
configure:3187: $? = 0
configure:3194: result: yes
configure:3172: checking whether gcc supports -Wdeclaration-after-statement 
configure:3187: gcc -c -g -O2 -Wall -Wextra -Wmissing-declarations -Wmissing-prototypes -Wimplicit-function-declaration -Wunused -Wuninitialized -Wvla -Wformat -Wformat-security -Wmain -Wsequence-point -Wshadow -Wbad-function-cast -Wcomments -Wdeclaration-after-statement  conftest.c >&5
conftest.c:9:1: warning: return type defaults to 'int' [-Wimplicit-int]
 main(){}
 ^~~~
configure:3187: $? = 0
configure:3194: result: yes
configure:3172: checking whether gcc supports -Waddress 
configure:3187: gcc -c -g -O2 -Wall -Wextra -Wmissing-declarations -Wmissing-prototypes -Wimplicit-function-declaration -Wunused -Wuninitialized -Wvla -Wformat -Wformat-security -Wmain -Wsequence-point -Wshadow -Wbad-function-cast -Wcomments -Wdeclaration-after-statement -Waddress  conftest.c >&5
conftest.c:9:1: warning: return type defaults to 'int' [-Wimplicit-int]
 main(){}
 ^~~~
configure:3187: $? = 0
configure:3194: result: yes
configure:3172: checking whether gcc supports -Wpointer-sign 
configure:3187: gcc -c -g -O2 -Wall -Wextra -Wmissing-declarations -Wmissing-prototypes -Wimplicit-function-declaration -Wunused -Wuninitialized -Wvla -Wformat -Wformat-security -Wmain -Wsequence-point -Wshadow -Wbad-function-cast -Wcomments -Wdeclaration-after-statement -Waddress -Wpointer-sign  conftest.c >&5
conftest.c:9:1: warning: return type defaults to 'int' [-Wimplicit-int]
 main(){}
 ^~~~
configure:3187: $? = 0
configure:3194: result: yes
configure:3172: checking whether gcc supports -Wempty-body 
configure:3187: gcc -c -g -O2 -Wall -Wextra -Wmissing-declarations -Wmissing-prototypes -Wimplicit-function-declaration -Wunused -Wuninitialized -Wvla -Wformat -Wformat-security -Wmain -Wsequence-point -Wshadow -Wbad-function-cast -Wcomments -Wdeclaration-after-statement -Waddress -Wpointer-sign -Wempty-body  conftest.c >&5
conftest.c:9:1: warning: return type defaults to 'int' [-Wimplicit-int]
 main(){}
 ^~~~
configure:3187: $? = 0
configure:3194: result: yes
configure:3172: checking whether gcc supports -Wnested-externs 
configure:3187: gcc -c -g -O2 -Wall -Wextra -Wmissing-declarations -Wmissing-prototypes -Wimplicit-function-declaration -Wunused -Wuninitialized -Wvla -Wformat -Wformat-security -Wmain -Wsequence-point -Wshadow -Wbad-function-cast -Wcomments -Wdeclaration-after-statement -Waddress -Wpointer-sign -Wempty-body -Wnested-externs  conftest.c >&5
conftest.c:9:1: warning: return type defaults to 'int' [-Wimplicit-int]
 main(){}
 ^~~~
configure:3187: $? = 0
configure:3194: result: yes
configure:3172: checking whether gcc supports -Wold-style-declaration 
configure:3187: gcc -c -g -O2 -Wall -Wextra -Wmissing-declarations -Wmissing-prototypes -Wimplicit-function-declaration -Wunused -Wuninitialized -Wvla -Wformat -Wformat-security -Wmain -Wsequence-point -Wshadow -Wbad-function-cast -Wcomments -Wdeclaration-after-statement -Waddress -Wpointer-sign -Wempty-body -Wnested-externs -Wold-style-declaration  conftest.c >&5
conftest.c:9:1: warning: return type defaults to 'int' [-Wimplicit-int]
 main(){}
 ^~~~
configure:3187: $? = 0
configure:3194: result: yes
configure:3172: checking whether gcc supports -Wold-style-definition 
configure:3187: gcc -c -g -O2 -Wall -Wextra -Wmissing-declarations -Wmissing-prototypes -Wimplicit-function-declaration -Wunused -Wuninitialized -Wvla -Wformat -Wformat-security -Wmain -Wsequence-point -Wshadow -Wbad-function-cast -Wcomments -Wdeclaration-after-statement -Waddress -Wpointer-sign -Wempty-body -Wnested-externs -Wold-style-declaration -Wold-style-definition  conftest.c >&5
conftest.c:9:1: warning: return type defaults to 'int' [-Wimplicit-int]
 main(){}
 ^~~~
conftest.c: In function 'main':
conftest.c:9:1: warning: old-style function definition [-Wold-style-definition]
configure:3187: $? = 0
configure:3194: result: yes
configure:3172: checking whether gcc supports -Wmissing-field-initializers 
configure:3187: gcc -c -g -O2 -Wall -Wextra -Wmissing-declarations -Wmissing-prototypes -Wimplicit-function-declaration -Wunused -Wuninitialized -Wvla -Wformat -Wformat-security -Wmain -Wsequence-point -Wshadow -Wbad-function-cast -Wcomments -Wdeclaration-after-statement -Waddress -Wpointer-sign -Wempty-body -Wnested-externs -Wold-style-declaration -Wold-style-definition -Wmissing-field-initializers  conftest.c >&5
conftest.c:9:1: warning: return type defaults to 'int' [-Wimplicit-int]
 main(){}
 ^~~~
conftest.c: In function 'main':
conftest.c:9:1: warning: old-style function definition [-Wold-style-definition]
configure:3187: $? = 0
configure:3194: result: yes
configure:3172: checking whether gcc supports -Wmaybe-uninitialized 
configure:3187: gcc -c -g -O2 -Wall -Wextra -Wmissing-declarations -Wmissing-prototypes -Wimplicit-function-declaration -Wunused -Wuninitialized -Wvla -Wformat -Wformat-security -Wmain -Wsequence-point -Wshadow -Wbad-function-cast -Wcomments -Wdeclaration-after-statement -Waddress -Wpointer-sign -Wempty-body -Wnested-externs -Wold-style-declaration -Wold-style-definition -Wmissing-field-initializers -Wmaybe-uninitialized  conftest.c >&5
conftest.c:9:1: warning: return type defaults to 'int' [-Wimplicit-int]
 main(){}
 ^~~~
conftest.c: In function 'main':
conftest.c:9:1: warning: old-style function definition [-Wold-style-definition]
configure:3187: $? = 0
configure:3194: result: yes
configure:3172: checking whether gcc supports -Wno-return-local-addr 
configure:3187: gcc -c -g -O2 -Wall -Wextra -Wmissing-declarations -Wmissing-prototypes -Wimplicit-function-declaration -Wunused -Wuninitialized -Wvla -Wformat -Wformat-security -Wmain -Wsequence-point -Wshadow -Wbad-function-cast -Wcomments -Wdeclaration-after-statement -Waddress -Wpointer-sign -Wempty-body -Wnested-externs -Wold-style-declaration -Wold-style-definition -Wmissing-field-initializers -Wmaybe-uninitialized -Wno-return-local-addr  conftest.c >&5
conftest.c:9:1: warning: return type defaults to 'int' [-Wimplicit-int]
 main(){}
 ^~~~
conftest.c: In function 'main':
conftest.c:9:1: warning: old-style function definition [-Wold-style-definition]
configure:3187: $? = 0
configure:3194: result: yes
configure:3172: checking whether gcc supports -Wreturn-type 
configure:3187: gcc -c -g -O2 -Wall -Wextra -Wmissing-declarations -Wmissing-prototypes -Wimplicit-function-declaration -Wunused -Wuninitialized -Wvla -Wformat -Wformat-security -Wmain -Wsequence-point -Wshadow -Wbad-function-cast -Wcomments -Wdeclaration-after-statement -Waddress -Wpointer-sign -Wempty-body -Wnested-externs -Wold-style-declaration -Wold-style-definition -Wmissing-field-initializers -Wmaybe-uninitialized -Wno-return-local-addr -Wreturn-type  conftest.c >&5
conftest.c:9:1: warning: return type defaults to 'int' [-Wimplicit-int]
 main(){}
 ^~~~
conftest.c: In function 'main':
conftest.c:9:1: warning: old-style function definition [-Wold-style-definition]
configure:3187: $? = 0
configure:3194: result: yes
configure:3172: checking whether gcc supports -Wsequence-point 
configure:3187: gcc -c -g -O2 -Wall -Wextra -Wmissing-declarations -Wmissing-prototypes -Wimplicit-function-declaration -Wunused -Wuninitialized -Wvla -Wformat -Wformat-security -Wmain -Wsequence-point -Wshadow -Wbad-function-cast -Wcomments -Wdeclaration-after-statement -Waddress -Wpointer-sign -Wempty-body -Wnested-externs -Wold-style-declaration -Wold-style-definition -Wmissing-field-initializers -Wmaybe-uninitialized -Wno-return-local-addr -Wreturn-type -Wsequence-point  conftest.c >&5
conftest.c:9:1: warning: return type defaults to 'int' [-Wimplicit-int]
 main(){}
 ^~~~
conftest.c: In function 'main':
conftest.c:9:1: warning: old-style function definition [-Wold-style-definition]
configure:3187: $? = 0
configure:3194: result: yes
configure:3172: checking whether gcc supports -Wundef 
configure:3187: gcc -c -g -O2 -Wall -Wextra -Wmissing-declarations -Wmissing-prototypes -Wimplicit-function-declaration -Wunused -Wuninitialized -Wvla -Wformat -Wformat-security -Wmain -Wsequence-point -Wshadow -Wbad-function-cast -Wcomments -Wdeclaration-after-statement -Waddress -Wpointer-sign -Wempty-body -Wnested-externs -Wold-style-declaration -Wold-style-definition -Wmissing-field-initializers -Wmaybe-uninitialized -Wno-return-local-addr -Wreturn-type -Wsequence-point -Wundef  conftest.c >&5
conftest.c:9:1: warning: return type defaults to 'int' [-Wimplicit-int]
 main(){}
 ^~~~
conftest.c: In function 'main':
conftest.c:9:1: warning: old-style function definition [-Wold-style-definition]
configure:3187: $? = 0
configure:3194: result: yes
configure:3172: checking whether gcc supports -Wunknown-pragmas 
configure:3187: gcc -c -g -O2 -Wall -Wextra -Wmissing-declarations -Wmissing-prototypes -Wimplicit-function-declaration -Wunused -Wuninitialized -Wvla -Wformat -Wformat-security -Wmain -Wsequence-point -Wshadow -Wbad-function-cast -Wcomments -Wdeclaration-after-statement -Waddress -Wpointer-sign -Wempty-body -Wnested-externs -Wold-style-declaration -Wold-style-definition -Wmissing-field-initializers -Wmaybe-uninitialized -Wno-return-local-addr -Wreturn-type -Wsequence-point -Wundef -Wunknown-pragmas  conftest.c >&5
conftest.c:9:1: warning: return type defaults to 'int' [-Wimplicit-int]
 main(){}
 ^~~~
conftest.c: In function 'main':
conftest.c:9:1: warning: old-style function definition [-Wold-style-definition]
configure:3187: $? = 0
configure:3194: result: yes
configure:3172: checking whether gcc supports -Wunused-label 
configure:3187: gcc -c -g -O2 -Wall -Wextra -Wmissing-declarations -Wmissing-prototypes -Wimplicit-function-declaration -Wunused -Wuninitialized -Wvla -Wformat -Wformat-security -Wmain -Wsequence-point -Wshadow -Wbad-function-cast -Wcomments -Wdeclaration-after-statement -Waddress -Wpointer-sign -Wempty-body -Wnested-externs -Wold-style-declaration -Wold-style-definition -Wmissing-field-initializers -Wmaybe-uninitialized -Wno-return-local-addr -Wreturn-type -Wsequence-point -Wundef -Wunknown-pragmas -Wunused-label  conftest.c >&5
conftest.c:9:1: warning: return type defaults to 'int' [-Wimplicit-int]
 main(){}
 ^~~~
conftest.c: In function 'main':
conftest.c:9:1: warning: old-style function definition [-Wold-style-definition]
configure:3187: $? = 0
configure:3194: result: yes
configure:3211: checking build system type
configure:3225: result: x86_64-unknown-linux-gnu
configure:3245: checking host system type
configure:3258: result: x86_64-unknown-linux-gnu
configure:3283: checking how to get verbose linking output from gfortran
configure:3293: gfortran -c -g -O2  conftest.f >&5
configure:3293: $? = 0
configure:3311: gfortran -o conftest -g -O2 -v conftest.f
Using built-in specs.
Target: x86_64-linux-gnu
Thread model: posix
gcc version 7.5.0 (Ubuntu 7.5.0-3ubuntu1~18.04) 
 /usr/lib/gcc/x86_64-linux-gnu/7/f951 conftest.f -ffixed-form -quiet -dumpbase conftest.f -mtune=generic -march=x86-64 -auxbase conftest -g -O2 -version -fintrinsic-modules-path /usr/lib/gcc/x86_64-linux-gnu/7/finclude -o /tmp/ccx9vPKv.s
GNU Fortran (Ubuntu 7.5.0-3ubuntu1~18.04) version 7.5.0 (x86_64-linux-gnu)
	compiled by GNU C version 7.5.0, GMP version 6.1.2, MPFR version 4.0.1, MPC version 1.1.0, isl version isl-0.19-GMP

GGC heuristics: --param ggc-min-expand=100 --param ggc-min-heapsize=131072
GNU Fortran2008 (Ubuntu 7.5.0-3ubuntu1~18.04) version 7.5.0 (x86_64-linux-gnu)
	compiled by GNU C version 7.5.0, GMP version 6.1.2, MPFR version 4.0.1, MPC version 1.1.0, isl version isl-0.19-GMP

GGC heuristics: --param ggc-min-expand=100 --param ggc-min-heapsize=131072
 as -v --64 -o /tmp/ccdGyxvQ.o /tmp/ccx9vPKv.s
GNU assembler version 2.30 (x86_64-linux-gnu) using BFD version (GNU Binutils for Ubuntu) 2.30
Reading specs from /usr/lib/gcc/x86_64-linux-gnu/7/libgfortran.spec
rename spec lib to liborig
 /usr/lib/gcc/x86_64-linux-gnu/7/collect2 -plugin /usr/lib/gcc/x86_64-linux-gnu/7/liblto_plugin.so -plugin-opt=/usr/lib/gcc/x86_64-linux-gnu/7/lto-wrapper -plugin-opt=-fresolution=/tmp/cc6qbrjb.res -plugin-opt=-pass-through=-lgcc_s -plugin-opt=-pass-through=-lgcc -plugin-opt=-pass-through=-lquadmath -plugin-opt=-pass-through=-lm -plugin-opt=-pass-through=-lgcc_s -plugin-opt=-pass-through=-lgcc -plugin-opt=-pass-through=-lc -plugin-opt=-pass-through=-lgcc_s -plugin-opt=-pass-through=-lgcc --build-id --eh-frame-hdr -m elf_x86_64 --hash-style=gnu --as-needed -dynamic-linker /lib64/ld-linux-x86-64.so.2 -pie -z now -z relro -o conftest /usr/lib/gcc/x86_64-linux-gnu/7/../../../x86_64-linux-gnu/Scrt1.o /usr/lib/gcc/x86_64-linux-gnu/7/../../../x86_64-linux-gnu/crti.o /usr/lib/gcc/x86_64-linux-gnu/7/crtbeginS.o -L/usr/lib/gcc/x86_64-linux-gnu/7 -L/usr/lib/gcc/x86_64-linux-gnu/7/../../../x86_64-linux-gnu -L/usr/lib/gcc/x86_64-linux-gnu/7/../../../../lib -L/lib/x86_64-linux-gnu -L/lib/../lib -L/usr/lib/x86_64-linux-gnu -L/usr/lib/../lib -L/usr/lib/gcc/x86_64-linux-gnu/7/../../.. /tmp/ccdGyxvQ.o -lgfortran -lm -lgcc_s -lgcc -lquadmath -lm -lgcc_s -lgcc -lc -lgcc_s -lgcc /usr/lib/gcc/x86_64-linux-gnu/7/crtendS.o /usr/lib/gcc/x86_64-linux-gnu/7/../../../x86_64-linux-gnu/crtn.o
configure:3394: result: -v
configure:3396: checking for Fortran libraries of gfortran
configure:3419: gfortran -o conftest -g -O2 -v conftest.f
Using built-in specs.
Target: x86_64-linux-gnu
Thread model: posix
gcc version 7.5.0 (Ubuntu 7.5.0-3ubuntu1~18.04) 
 /usr/lib/gcc/x86_64-linux-gnu/7/f951 conftest.f -ffixed-form -quiet -dumpbase conftest.f -mtune=generic -march=x86-64 -auxbase conftest -g -O2 -version -fintrinsic-modules-path /usr/lib/gcc/x86_64-linux-gnu/7/finclude -o /tmp/cc7LDlfz.s
GNU Fortran (Ubuntu 7.5.0-3ubuntu1~18.04) version 7.5.0 (x86_64-linux-gnu)
	compiled by GNU C version 7.5.0, GMP version 6.1.2, MPFR version 4.0.1, MPC version 1.1.0, isl version isl-0.19-GMP

GGC heuristics: --param ggc-min-expand=100 --param ggc-min-heapsize=131072
GNU Fortran2008 (Ubuntu 7.5.0-3ubuntu1~18.04) version 7.5.0 (x86_64-linux-gnu)
	compiled by GNU C version 7.5.0, GMP version 6.1.2, MPFR version 4.0.1, MPC version 1.1.0, isl version isl-0.19-GMP

GGC heuristics: --param ggc-min-expand=100 --param ggc-min-heapsize=131072
 as -v --64 -o /tmp/cc2HpmwU.o /tmp/cc7LDlfz.s
GNU assembler version 2.30 (x86_64-linux-gnu) using BFD version (GNU Binutils for Ubuntu) 2.30
Reading specs from /usr/lib/gcc/x86_64-linux-gnu/7/libgfortran.spec
rename spec lib to liborig
 /usr/lib/gcc/x86_64-linux-gnu/7/collect2 -plugin /usr/lib/gcc/x86_64-linux-gnu/7/liblto_plugin.so -plugin-opt=/usr/lib/gcc/x86_64-linux-gnu/7/lto-wrapper -plugin-opt=-fresolution=/tmp/ccJlEIOf.res -plugin-opt=-pass-through=-lgcc_s -plugin-opt=-pass-through=-lgcc -plugin-opt=-pass-through=-lquadmath -plugin-opt=-pass-through=-lm -plugin-opt=-pass-through=-lgcc_s -plugin-opt=-pass-through=-lgcc -plugin-opt=-pass-through=-lc -plugin-opt=-pass-through=-lgcc_s -plugin-opt=-pass-through=-lgcc --build-id --eh-frame-hdr -m elf_x86_64 --hash-style=gnu --as-needed -dynamic-linker /lib64/ld-linux-x86-64.so.2 -pie -z now -z relro -o conftest /usr/lib/gcc/x86_64-linux-gnu/7/../../../x86_64-linux-gnu/Scrt1.o /usr/lib/gcc/x86_64-linux-gnu/7/../../../x86_64-linux-gnu/crti.o /usr/lib/gcc/x86_64-linux-gnu/7/crtbeginS.o -L/usr/lib/gcc/x86_64-linux-gnu/7 -L/usr/lib/gcc/x86_64-linux-gnu/7/../../../x86_64-linux-gnu -L/usr/lib/gcc/x86_64-linux-gnu/7/../../../../lib -L/lib/x86_64-linux-gnu -L/lib/../lib -L/usr/lib/x86_64-linux-gnu -L/usr/lib/../lib -L/usr/lib/gcc/x86_64-linux-gnu/7/../../.. /tmp/cc2HpmwU.o -lgfortran -lm -lgcc_s -lgcc -lquadmath -lm -lgcc_s -lgcc -lc -lgcc_s -lgcc /usr/lib/gcc/x86_64-linux-gnu/7/crtendS.o /usr/lib/gcc/x86_64-linux-gnu/7/../../../x86_64-linux-gnu/crtn.o
configure:3615: result:  -L/usr/lib/gcc/x86_64-linux-gnu/7 -L/usr/lib/gcc/x86_64-linux-gnu/7/../../../x86_64-linux-gnu -L/usr/lib/gcc/x86_64-linux-gnu/7/../../../../lib -L/lib/x86_64-linux-gnu -L/lib/../lib -L/usr/lib/x86_64-linux-gnu -L/usr/lib/../lib -L/usr/lib/gcc/x86_64-linux-gnu/7/../../.. -lgfortran -lm -lquadmath
configure:3631: checking for dummy main to link with Fortran libraries
configure:3665: gcc -o conftest -g -O2 -Wall -Wextra -Wmissing-declarations -Wmissing-prototypes -Wimplicit-function-declaration -Wunused -Wuninitialized -Wvla -Wformat -Wformat-security -Wmain -Wsequence-point -Wshadow -Wbad-function-cast -Wcomments -Wdeclaration-after-statement -Waddress -Wpointer-sign -Wempty-body -Wnested-externs -Wold-style-declaration -Wold-style-definition -Wmissing-field-initializers -Wmaybe-uninitialized -Wno-return-local-addr -Wreturn-type -Wsequence-point -Wundef -Wunknown-pragmas -Wunused-label   conftest.c   -L/usr/lib/gcc/x86_64-linux-gnu/7 -L/usr/lib/gcc/x86_64-linux-gnu/7/../../../x86_64-linux-gnu -L/usr/lib/gcc/x86_64-linux-gnu/7/../../../../lib -L/lib/x86_64-linux-gnu -L/lib/../lib -L/usr/lib/x86_64-linux-gnu -L/usr/lib/../lib -L/usr/lib/gcc/x86_64-linux-gnu/7/../../.. -lgfortran -lm -lquadmath >&5
conftest.c: In function 'main':
conftest.c:19:1: warning: old-style function definition [-Wold-style-definition]
 main ()
 ^~~~
configure:3665: $? = 0
configure:3710: result: none
configure:3743: checking for Fortran name-mangling scheme
configure:3756: gfortran -c -g -O2  conftest.f >&5
configure:3756: $? = 0
configure:3797: gcc -o conftest -g -O2 -Wall -Wextra -Wmissing-declarations -Wmissing-prototypes -Wimplicit-function-declaration -Wunused -Wuninitialized -Wvla -Wformat -Wformat-security -Wmain -Wsequence-point -Wshadow -Wbad-function-cast -Wcomments -Wdeclaration-after-statement -Waddress -Wpointer-sign -Wempty-body -Wnested-externs -Wold-style-declaration -Wold-style-definition -Wmissing-field-initializers -Wmaybe-uninitialized -Wno-return-local-addr -Wreturn-type -Wsequence-point -Wundef -Wunknown-pragmas -Wunused-label   conftest.c cfortran_test.o   -L/usr/lib/gcc/x86_64-linux-gnu/7 -L/usr/lib/gcc/x86_64-linux-gnu/7/../../../x86_64-linux-gnu -L/usr/lib/gcc/x86_64-linux-gnu/7/../../../../lib -L/lib/x86_64-linux-gnu -L/lib/../lib -L/usr/lib/x86_64-linux-gnu -L/usr/lib/../lib -L/usr/lib/gcc/x86_64-linux-gnu/7/../../.. -lgfortran -lm -lquadmath >&5
conftest.c: In function 'main':
conftest.c:26:1: warning: old-style function definition [-Wold-style-definition]
 main ()
 ^~~~
/tmp/ccEG0r4d.o: In function `main':
/home/chandard/OpenFOAM/chandard-v1812/run/Overset1D/1DMatrix/laplacianFoam/twoDOverset/itsol-master/conftest.c:28: undefined reference to `foobar'
collect2: error: ld returned 1 exit status
configure:3797: $? = 1
configure: failed program was:
| /* confdefs.h */
| #define PACKAGE_NAME ""
| #define PACKAGE_TARNAME ""
| #define PACKAGE_VERSION ""
| #define PACKAGE_STRING ""
| #define PACKAGE_BUGREPORT ""
| #define PACKAGE_URL ""
| /* end confdefs.h.  */
| 
| /* Override any GCC internal prototype to avoid an error.
|    Use char because int might match the return type of a GCC
|    builtin and then its argument prototype would still apply.  */
| #ifdef __cplusplus
| extern "C"
| #endif
| char foobar ();
| #ifdef FC_DUMMY_MAIN
| #ifndef FC_DUMMY_MAIN_EQ_F77
| #  ifdef __cplusplus
|      extern "C"
| #  endif
|    int FC_DUMMY_MAIN() { return 1; }
| #endif
| #endif
| int
| main ()
| {
| return foobar ();
|   ;
|   return 0;
| }
configure:3797: gcc -o conftest -g -O2 -Wall -Wextra -Wmissing-declarations -Wmissing-prototypes -Wimplicit-function-declaration -Wunused -Wuninitialized -Wvla -Wformat -Wformat-security -Wmain -Wsequence-point -Wshadow -Wbad-function-cast -Wcomments -Wdeclaration-after-statement -Waddress -Wpointer-sign -Wempty-body -Wnested-externs -Wold-style-declaration -Wold-style-definition -Wmissing-field-initializers -Wmaybe-uninitialized -Wno-return-local-addr -Wreturn-type -Wsequence-point -Wundef -Wunknown-pragmas -Wunused-label   conftest.c cfortran_test.o   -L/usr/lib/gcc/x86_64-linux-gnu/7 -L/usr/lib/gcc/x86_64-linux-gnu/7/../../../x86_64-linux-gnu -L/usr/lib/gcc/x86_64-linux-gnu/7/../../../../lib -L/lib/x86_64-linux-gnu -L/lib/../lib -L/usr/lib/x86_64-linux-gnu -L/usr/lib/../lib -L/usr/lib/gcc/x86_64-linux-gnu/7/../../.. -lgfortran -lm -lquadmath >&5
conftest.c: In function 'main':
conftest.c:26:1: warning: old-style function definition [-Wold-style-definition]
 main ()
 ^~~~
configure:3797: $? = 0
configure:3855: gcc -o conftest -g -O2 -Wall -Wextra -Wmissing-declarations -Wmissing-prototypes -Wimplicit-function-declaration -Wunused -Wuninitialized -Wvla -Wformat -Wformat-security -Wmain -Wsequence-point -Wshadow -Wbad-function-cast -Wcomments -Wdeclaration-after-statement -Waddress -Wpointer-sign -Wempty-body -Wnested-externs -Wold-style-declaration -Wold-style-definition -Wmissing-field-initializers -Wmaybe-uninitialized -Wno-return-local-addr -Wreturn-type -Wsequence-point -Wundef -Wunknown-pragmas -Wunused-label   conftest.c cfortran_test.o   -L/usr/lib/gcc/x86_64-linux-gnu/7 -L/usr/lib/gcc/x86_64-linux-gnu/7/../../../x86_64-linux-gnu -L/usr/lib/gcc/x86_64-linux-gnu/7/../../../../lib -L/lib/x86_64-linux-gnu -L/lib/../lib -L/usr/lib/x86_64-linux-gnu -L/usr/lib/../lib -L/usr/lib/gcc/x86_64-linux-gnu/7/../../.. -lgfortran -lm -lquadmath >&5
conftest.c: In function 'main':
conftest.c:26:1: warning: old-style function definition [-Wold-style-definition]
 main ()
 ^~~~
configure:3855: $? = 0
configure:3897: result: lower case, underscore, no extra underscore
configure:3967: checking how to get verbose linking output from gfortran
configure:4078: result: -v
configure:4080: checking for Fortran libraries of gfortran
configure:4299: result:  -L/usr/lib/gcc/x86_64-linux-gnu/7 -L/usr/lib/gcc/x86_64-linux-gnu/7/../../../x86_64-linux-gnu -L/usr/lib/gcc/x86_64-linux-gnu/7/../../../../lib -L/lib/x86_64-linux-gnu -L/lib/../lib -L/usr/lib/x86_64-linux-gnu -L/usr/lib/../lib -L/usr/lib/gcc/x86_64-linux-gnu/7/../../.. -lgfortran -lm -lquadmath
configure:4456: checking for ar
configure:4472: found /usr/bin/ar
configure:4483: result: ar
configure:4543: checking for ranlib
configure:4559: found /usr/bin/ranlib
configure:4570: result: ranlib
configure:4604: checking for compiler flag for specifying rpath 
configure:4629: /usr/bin/gcc  -o conftest -g -O2 -Wall -Wextra -Wmissing-declarations -Wmissing-prototypes -Wimplicit-function-declaration -Wunused -Wuninitialized -Wvla -Wformat -Wformat-security -Wmain -Wsequence-point -Wshadow -Wbad-function-cast -Wcomments -Wdeclaration-after-statement -Waddress -Wpointer-sign -Wempty-body -Wnested-externs -Wold-style-declaration -Wold-style-definition -Wmissing-field-initializers -Wmaybe-uninitialized -Wno-return-local-addr -Wreturn-type -Wsequence-point -Wundef -Wunknown-pragmas -Wunused-label   conftest.c -L/usr/local/lib  -lm  -L/usr/lib/gcc/x86_64-linux-gnu/7 -L/usr/lib/gcc/x86_64-linux-gnu/7/../../../x86_64-linux-gnu -L/usr/lib/gcc/x86_64-linux-gnu/7/../../../../lib -L/lib/x86_64-linux-gnu -L/lib/../lib -L/usr/lib/x86_64-linux-gnu -L/usr/lib/../lib -L/usr/lib/gcc/x86_64-linux-gnu/7/../../.. -lgfortran -lm -lquadmath -Wl,-rpath,/usr/lib >&5
conftest.c: In function 'main':
conftest.c:21:1: warning: old-style function definition [-Wold-style-definition]
 main ()
 ^~~~
configure:4629: $? = 0
configure:4640: result: "-Wl,-rpath,"
configure:4652: checking for grep that handles long lines and -e
configure:4710: result: /bin/grep
configure:4715: checking for egrep
configure:4777: result: /bin/grep -E
configure:4782: checking for ANSI C header files
configure:4810: /usr/bin/gcc  -c -g -O2 -Wall -Wextra -Wmissing-declarations -Wmissing-prototypes -Wimplicit-function-declaration -Wunused -Wuninitialized -Wvla -Wformat -Wformat-security -Wmain -Wsequence-point -Wshadow -Wbad-function-cast -Wcomments -Wdeclaration-after-statement -Waddress -Wpointer-sign -Wempty-body -Wnested-externs -Wold-style-declaration -Wold-style-definition -Wmissing-field-initializers -Wmaybe-uninitialized -Wno-return-local-addr -Wreturn-type -Wsequence-point -Wundef -Wunknown-pragmas -Wunused-label  conftest.c >&5
conftest.c: In function 'main':
conftest.c:25:1: warning: old-style function definition [-Wold-style-definition]
 main ()
 ^~~~
configure:4810: $? = 0
configure:4883: /usr/bin/gcc  -o conftest -g -O2 -Wall -Wextra -Wmissing-declarations -Wmissing-prototypes -Wimplicit-function-declaration -Wunused -Wuninitialized -Wvla -Wformat -Wformat-security -Wmain -Wsequence-point -Wshadow -Wbad-function-cast -Wcomments -Wdeclaration-after-statement -Waddress -Wpointer-sign -Wempty-body -Wnested-externs -Wold-style-declaration -Wold-style-definition -Wmissing-field-initializers -Wmaybe-uninitialized -Wno-return-local-addr -Wreturn-type -Wsequence-point -Wundef -Wunknown-pragmas -Wunused-label   conftest.c -L/usr/local/lib  -lm  -L/usr/lib/gcc/x86_64-linux-gnu/7 -L/usr/lib/gcc/x86_64-linux-gnu/7/../../../x86_64-linux-gnu -L/usr/lib/gcc/x86_64-linux-gnu/7/../../../../lib -L/lib/x86_64-linux-gnu -L/lib/../lib -L/usr/lib/x86_64-linux-gnu -L/usr/lib/../lib -L/usr/lib/gcc/x86_64-linux-gnu/7/../../.. -lgfortran -lm -lquadmath >&5
conftest.c: In function 'main':
conftest.c:23:1: warning: old-style function definition [-Wold-style-definition]
 main ()
 ^~~~
configure:4883: $? = 0
configure:4883: ./conftest
configure:4883: $? = 0
configure:4894: result: yes
configure:4903: checking whether to enable assertions
configure:4921: result: yes
configure:4924: checking whether time.h and sys/time.h may both be included
configure:4952: /usr/bin/gcc  -c -g -O2 -Wall -Wextra -Wmissing-declarations -Wmissing-prototypes -Wimplicit-function-declaration -Wunused -Wuninitialized -Wvla -Wformat -Wformat-security -Wmain -Wsequence-point -Wshadow -Wbad-function-cast -Wcomments -Wdeclaration-after-statement -Waddress -Wpointer-sign -Wempty-body -Wnested-externs -Wold-style-declaration -Wold-style-definition -Wmissing-field-initializers -Wmaybe-uninitialized -Wno-return-local-addr -Wreturn-type -Wsequence-point -Wundef -Wunknown-pragmas -Wunused-label  conftest.c >&5
conftest.c: In function 'main':
conftest.c:25:1: warning: old-style function definition [-Wold-style-definition]
 main ()
 ^~~~
configure:4952: $? = 0
configure:4959: result: yes
configure:4972: checking for sys/types.h
configure:4972: /usr/bin/gcc  -c -g -O2 -Wall -Wextra -Wmissing-declarations -Wmissing-prototypes -Wimplicit-function-declaration -Wunused -Wuninitialized -Wvla -Wformat -Wformat-security -Wmain -Wsequence-point -Wshadow -Wbad-function-cast -Wcomments -Wdeclaration-after-statement -Waddress -Wpointer-sign -Wempty-body -Wnested-externs -Wold-style-declaration -Wold-style-definition -Wmissing-field-initializers -Wmaybe-uninitialized -Wno-return-local-addr -Wreturn-type -Wsequence-point -Wundef -Wunknown-pragmas -Wunused-label  conftest.c >&5
configure:4972: $? = 0
configure:4972: result: yes
configure:4972: checking for sys/stat.h
configure:4972: /usr/bin/gcc  -c -g -O2 -Wall -Wextra -Wmissing-declarations -Wmissing-prototypes -Wimplicit-function-declaration -Wunused -Wuninitialized -Wvla -Wformat -Wformat-security -Wmain -Wsequence-point -Wshadow -Wbad-function-cast -Wcomments -Wdeclaration-after-statement -Waddress -Wpointer-sign -Wempty-body -Wnested-externs -Wold-style-declaration -Wold-style-definition -Wmissing-field-initializers -Wmaybe-uninitialized -Wno-return-local-addr -Wreturn-type -Wsequence-point -Wundef -Wunknown-pragmas -Wunused-label  conftest.c >&5
configure:4972: $? = 0
configure:4972: result: yes
configure:4972: checking for stdlib.h
configure:4972: /usr/bin/gcc  -c -g -O2 -Wall -Wextra -Wmissing-declarations -Wmissing-prototypes -Wimplicit-function-declaration -Wunused -Wuninitialized -Wvla -Wformat -Wformat-security -Wmain -Wsequence-point -Wshadow -Wbad-function-cast -Wcomments -Wdeclaration-after-statement -Waddress -Wpointer-sign -Wempty-body -Wnested-externs -Wold-style-declaration -Wold-style-definition -Wmissing-field-initializers -Wmaybe-uninitialized -Wno-return-local-addr -Wreturn-type -Wsequence-point -Wundef -Wunknown-pragmas -Wunused-label  conftest.c >&5
configure:4972: $? = 0
configure:4972: result: yes
configure:4972: checking for string.h
configure:4972: /usr/bin/gcc  -c -g -O2 -Wall -Wextra -Wmissing-declarations -Wmissing-prototypes -Wimplicit-function-declaration -Wunused -Wuninitialized -Wvla -Wformat -Wformat-security -Wmain -Wsequence-point -Wshadow -Wbad-function-cast -Wcomments -Wdeclaration-after-statement -Waddress -Wpointer-sign -Wempty-body -Wnested-externs -Wold-style-declaration -Wold-style-definition -Wmissing-field-initializers -Wmaybe-uninitialized -Wno-return-local-addr -Wreturn-type -Wsequence-point -Wundef -Wunknown-pragmas -Wunused-label  conftest.c >&5
configure:4972: $? = 0
configure:4972: result: yes
configure:4972: checking for memory.h
configure:4972: /usr/bin/gcc  -c -g -O2 -Wall -Wextra -Wmissing-declarations -Wmissing-prototypes -Wimplicit-function-declaration -Wunused -Wuninitialized -Wvla -Wformat -Wformat-security -Wmain -Wsequence-point -Wshadow -Wbad-function-cast -Wcomments -Wdeclaration-after-statement -Waddress -Wpointer-sign -Wempty-body -Wnested-externs -Wold-style-declaration -Wold-style-definition -Wmissing-field-initializers -Wmaybe-uninitialized -Wno-return-local-addr -Wreturn-type -Wsequence-point -Wundef -Wunknown-pragmas -Wunused-label  conftest.c >&5
configure:4972: $? = 0
configure:4972: result: yes
configure:4972: checking for strings.h
configure:4972: /usr/bin/gcc  -c -g -O2 -Wall -Wextra -Wmissing-declarations -Wmissing-prototypes -Wimplicit-function-declaration -Wunused -Wuninitialized -Wvla -Wformat -Wformat-security -Wmain -Wsequence-point -Wshadow -Wbad-function-cast -Wcomments -Wdeclaration-after-statement -Waddress -Wpointer-sign -Wempty-body -Wnested-externs -Wold-style-declaration -Wold-style-definition -Wmissing-field-initializers -Wmaybe-uninitialized -Wno-return-local-addr -Wreturn-type -Wsequence-point -Wundef -Wunknown-pragmas -Wunused-label  conftest.c >&5
configure:4972: $? = 0
configure:4972: result: yes
configure:4972: checking for inttypes.h
configure:4972: /usr/bin/gcc  -c -g -O2 -Wall -Wextra -Wmissing-declarations -Wmissing-prototypes -Wimplicit-function-declaration -Wunused -Wuninitialized -Wvla -Wformat -Wformat-security -Wmain -Wsequence-point -Wshadow -Wbad-function-cast -Wcomments -Wdeclaration-after-statement -Waddress -Wpointer-sign -Wempty-body -Wnested-externs -Wold-style-declaration -Wold-style-definition -Wmissing-field-initializers -Wmaybe-uninitialized -Wno-return-local-addr -Wreturn-type -Wsequence-point -Wundef -Wunknown-pragmas -Wunused-label  conftest.c >&5
configure:4972: $? = 0
configure:4972: result: yes
configure:4972: checking for stdint.h
configure:4972: /usr/bin/gcc  -c -g -O2 -Wall -Wextra -Wmissing-declarations -Wmissing-prototypes -Wimplicit-function-declaration -Wunused -Wuninitialized -Wvla -Wformat -Wformat-security -Wmain -Wsequence-point -Wshadow -Wbad-function-cast -Wcomments -Wdeclaration-after-statement -Waddress -Wpointer-sign -Wempty-body -Wnested-externs -Wold-style-declaration -Wold-style-definition -Wmissing-field-initializers -Wmaybe-uninitialized -Wno-return-local-addr -Wreturn-type -Wsequence-point -Wundef -Wunknown-pragmas -Wunused-label  conftest.c >&5
configure:4972: $? = 0
configure:4972: result: yes
configure:4972: checking for unistd.h
configure:4972: /usr/bin/gcc  -c -g -O2 -Wall -Wextra -Wmissing-declarations -Wmissing-prototypes -Wimplicit-function-declaration -Wunused -Wuninitialized -Wvla -Wformat -Wformat-security -Wmain -Wsequence-point -Wshadow -Wbad-function-cast -Wcomments -Wdeclaration-after-statement -Waddress -Wpointer-sign -Wempty-body -Wnested-externs -Wold-style-declaration -Wold-style-definition -Wmissing-field-initializers -Wmaybe-uninitialized -Wno-return-local-addr -Wreturn-type -Wsequence-point -Wundef -Wunknown-pragmas -Wunused-label  conftest.c >&5
configure:4972: $? = 0
configure:4972: result: yes
configure:4987: checking limits.h usability
configure:4987: /usr/bin/gcc  -c -g -O2 -Wall -Wextra -Wmissing-declarations -Wmissing-prototypes -Wimplicit-function-declaration -Wunused -Wuninitialized -Wvla -Wformat -Wformat-security -Wmain -Wsequence-point -Wshadow -Wbad-function-cast -Wcomments -Wdeclaration-after-statement -Waddress -Wpointer-sign -Wempty-body -Wnested-externs -Wold-style-declaration -Wold-style-definition -Wmissing-field-initializers -Wmaybe-uninitialized -Wno-return-local-addr -Wreturn-type -Wsequence-point -Wundef -Wunknown-pragmas -Wunused-label  conftest.c >&5
configure:4987: $? = 0
configure:4987: result: yes
configure:4987: checking limits.h presence
configure:4987: /usr/bin/gcc -E  conftest.c
configure:4987: $? = 0
configure:4987: result: yes
configure:4987: checking for limits.h
configure:4987: result: yes
configure:4987: checking ctype.h usability
configure:4987: /usr/bin/gcc  -c -g -O2 -Wall -Wextra -Wmissing-declarations -Wmissing-prototypes -Wimplicit-function-declaration -Wunused -Wuninitialized -Wvla -Wformat -Wformat-security -Wmain -Wsequence-point -Wshadow -Wbad-function-cast -Wcomments -Wdeclaration-after-statement -Waddress -Wpointer-sign -Wempty-body -Wnested-externs -Wold-style-declaration -Wold-style-definition -Wmissing-field-initializers -Wmaybe-uninitialized -Wno-return-local-addr -Wreturn-type -Wsequence-point -Wundef -Wunknown-pragmas -Wunused-label  conftest.c >&5
configure:4987: $? = 0
configure:4987: result: yes
configure:4987: checking ctype.h presence
configure:4987: /usr/bin/gcc -E  conftest.c
configure:4987: $? = 0
configure:4987: result: yes
configure:4987: checking for ctype.h
configure:4987: result: yes
configure:5000: checking sys/time.h usability
configure:5000: /usr/bin/gcc  -c -g -O2 -Wall -Wextra -Wmissing-declarations -Wmissing-prototypes -Wimplicit-function-declaration -Wunused -Wuninitialized -Wvla -Wformat -Wformat-security -Wmain -Wsequence-point -Wshadow -Wbad-function-cast -Wcomments -Wdeclaration-after-statement -Waddress -Wpointer-sign -Wempty-body -Wnested-externs -Wold-style-declaration -Wold-style-definition -Wmissing-field-initializers -Wmaybe-uninitialized -Wno-return-local-addr -Wreturn-type -Wsequence-point -Wundef -Wunknown-pragmas -Wunused-label  conftest.c >&5
configure:5000: $? = 0
configure:5000: result: yes
configure:5000: checking sys/time.h presence
configure:5000: /usr/bin/gcc -E  conftest.c
configure:5000: $? = 0
configure:5000: result: yes
configure:5000: checking for sys/time.h
configure:5000: result: yes
configure:5000: checking sys/resource.h usability
configure:5000: /usr/bin/gcc  -c -g -O2 -Wall -Wextra -Wmissing-declarations -Wmissing-prototypes -Wimplicit-function-declaration -Wunused -Wuninitialized -Wvla -Wformat -Wformat-security -Wmain -Wsequence-point -Wshadow -Wbad-function-cast -Wcomments -Wdeclaration-after-statement -Waddress -Wpointer-sign -Wempty-body -Wnested-externs -Wold-style-declaration -Wold-style-definition -Wmissing-field-initializers -Wmaybe-uninitialized -Wno-return-local-addr -Wreturn-type -Wsequence-point -Wundef -Wunknown-pragmas -Wunused-label  conftest.c >&5
configure:5000: $? = 0
configure:5000: result: yes
configure:5000: checking sys/resource.h presence
configure:5000: /usr/bin/gcc -E  conftest.c
configure:5000: $? = 0
configure:5000: result: yes
configure:5000: checking for sys/resource.h
configure:5000: result: yes
configure:5000: checking for unistd.h
configure:5000: result: yes
configure:5015: checking for gettimeofday
configure:5015: /usr/bin/gcc  -o conftest -g -O2 -Wall -Wextra -Wmissing-declarations -Wmissing-prototypes -Wimplicit-function-declaration -Wunused -Wuninitialized -Wvla -Wformat -Wformat-security -Wmain -Wsequence-point -Wshadow -Wbad-function-cast -Wcomments -Wdeclaration-after-statement -Waddress -Wpointer-sign -Wempty-body -Wnested-externs -Wold-style-declaration -Wold-style-definition -Wmissing-field-initializers -Wmaybe-uninitialized -Wno-return-local-addr -Wreturn-type -Wsequence-point -Wundef -Wunknown-pragmas -Wunused-label   conftest.c -L/usr/local/lib  -lm  -L/usr/lib/gcc/x86_64-linux-gnu/7 -L/usr/lib/gcc/x86_64-linux-gnu/7/../../../x86_64-linux-gnu -L/usr/lib/gcc/x86_64-linux-gnu/7/../../../../lib -L/lib/x86_64-linux-gnu -L/lib/../lib -L/usr/lib/x86_64-linux-gnu -L/usr/lib/../lib -L/usr/lib/gcc/x86_64-linux-gnu/7/../../.. -lgfortran -lm -lquadmath >&5
conftest.c: In function 'main':
conftest.c:67:1: warning: old-style function definition [-Wold-style-definition]
 main ()
 ^~~~
configure:5015: $? = 0
configure:5015: result: yes
configure:5015: checking for getrusage
configure:5015: /usr/bin/gcc  -o conftest -g -O2 -Wall -Wextra -Wmissing-declarations -Wmissing-prototypes -Wimplicit-function-declaration -Wunused -Wuninitialized -Wvla -Wformat -Wformat-security -Wmain -Wsequence-point -Wshadow -Wbad-function-cast -Wcomments -Wdeclaration-after-statement -Waddress -Wpointer-sign -Wempty-body -Wnested-externs -Wold-style-declaration -Wold-style-definition -Wmissing-field-initializers -Wmaybe-uninitialized -Wno-return-local-addr -Wreturn-type -Wsequence-point -Wundef -Wunknown-pragmas -Wunused-label   conftest.c -L/usr/local/lib  -lm  -L/usr/lib/gcc/x86_64-linux-gnu/7 -L/usr/lib/gcc/x86_64-linux-gnu/7/../../../x86_64-linux-gnu -L/usr/lib/gcc/x86_64-linux-gnu/7/../../../../lib -L/lib/x86_64-linux-gnu -L/lib/../lib -L/usr/lib/x86_64-linux-gnu -L/usr/lib/../lib -L/usr/lib/gcc/x86_64-linux-gnu/7/../../.. -lgfortran -lm -lquadmath >&5
conftest.c: In function 'main':
conftest.c:68:1: warning: old-style function definition [-Wold-style-definition]
 main ()
 ^~~~
configure:5015: $? = 0
configure:5015: result: yes
configure:5125: checking whether we have BLAS 
configure:5171: /usr/bin/gcc  -o conftest -g -O2 -Wall -Wextra -Wmissing-declarations -Wmissing-prototypes -Wimplicit-function-declaration -Wunused -Wuninitialized -Wvla -Wformat -Wformat-security -Wmain -Wsequence-point -Wshadow -Wbad-function-cast -Wcomments -Wdeclaration-after-statement -Waddress -Wpointer-sign -Wempty-body -Wnested-externs -Wold-style-declaration -Wold-style-definition -Wmissing-field-initializers -Wmaybe-uninitialized -Wno-return-local-addr -Wreturn-type -Wsequence-point -Wundef -Wunknown-pragmas -Wunused-label -I/home/chandard/OpenFOAM/chandard-v1812/run/Overset1D/1DMatrix/laplacianFoam/twoDOverset/itsol-master/include  -I/usr/local/include -L/home/chandard/OpenFOAM/chandard-v1812/run/Overset1D/1DMatrix/laplacianFoam/twoDOverset/itsol-master/src  -L/usr/local/lib conftest.c -L/usr/local/lib  -lm  -L/usr/lib/gcc/x86_64-linux-gnu/7 -L/usr/lib/gcc/x86_64-linux-gnu/7/../../../x86_64-linux-gnu -L/usr/lib/gcc/x86_64-linux-gnu/7/../../../../lib -L/lib/x86_64-linux-gnu -L/lib/../lib -L/usr/lib/x86_64-linux-gnu -L/usr/lib/../lib -L/usr/lib/gcc/x86_64-linux-gnu/7/../../.. -lgfortran -lm -lquadmath -lm >&5
conftest.c:29:1: warning: return type defaults to 'int' [-Wimplicit-int]
 main(){dgemm_();}
 ^~~~
conftest.c: In function 'main':
conftest.c:29:1: warning: old-style function definition [-Wold-style-definition]
conftest.c:29:8: warning: implicit declaration of function 'dgemm_' [-Wimplicit-function-declaration]
 main(){dgemm_();}
        ^~~~~~
conftest.c:29:8: warning: nested extern declaration of 'dgemm_' [-Wnested-externs]
/tmp/ccNr8Pfg.o: In function `main':
/home/chandard/OpenFOAM/chandard-v1812/run/Overset1D/1DMatrix/laplacianFoam/twoDOverset/itsol-master/conftest.c:29: undefined reference to `dgemm_'
collect2: error: ld returned 1 exit status
configure:5171: $? = 1
configure: failed program was:
| /* confdefs.h */
| #define PACKAGE_NAME ""
| #define PACKAGE_TARNAME ""
| #define PACKAGE_VERSION ""
| #define PACKAGE_STRING ""
| #define PACKAGE_BUGREPORT ""
| #define PACKAGE_URL ""
| #define FC_FUNC(name,NAME) name ## _
| #define FC_FUNC_(name,NAME) name ## _
| #define STDC_HEADERS 1
| #define TIME_WITH_SYS_TIME 1
| #define HAVE_SYS_TYPES_H 1
| #define HAVE_SYS_STAT_H 1
| #define HAVE_STDLIB_H 1
| #define HAVE_STRING_H 1
| #define HAVE_MEMORY_H 1
| #define HAVE_STRINGS_H 1
| #define HAVE_INTTYPES_H 1
| #define HAVE_STDINT_H 1
| #define HAVE_UNISTD_H 1
| #define HAVE_LIMITS_H 1
| #define HAVE_CTYPE_H 1
| #define HAVE_SYS_TIME_H 1
| #define HAVE_SYS_RESOURCE_H 1
| #define HAVE_UNISTD_H 1
| #define HAVE_GETTIMEOFDAY 1
| #define HAVE_GETRUSAGE 1
| /* end confdefs.h.  */
| main(){dgemm_();}
configure:5211: /usr/bin/gcc  -o conftest -g -O2 -Wall -Wextra -Wmissing-declarations -Wmissing-prototypes -Wimplicit-function-declaration -Wunused -Wuninitialized -Wvla -Wformat -Wformat-security -Wmain -Wsequence-point -Wshadow -Wbad-function-cast -Wcomments -Wdeclaration-after-statement -Waddress -Wpointer-sign -Wempty-body -Wnested-externs -Wold-style-declaration -Wold-style-definition -Wmissing-field-initializers -Wmaybe-uninitialized -Wno-return-local-addr -Wreturn-type -Wsequence-point -Wundef -Wunknown-pragmas -Wunused-label -I/home/chandard/OpenFOAM/chandard-v1812/run/Overset1D/1DMatrix/laplacianFoam/twoDOverset/itsol-master/include  -I/usr/local/include -L/home/chandard/OpenFOAM/chandard-v1812/run/Overset1D/1DMatrix/laplacianFoam/twoDOverset/itsol-master/src  -L/usr/local/lib conftest.c -L/usr/local/lib  -lm  -L/usr/lib/gcc/x86_64-linux-gnu/7 -L/usr/lib/gcc/x86_64-linux-gnu/7/../../../x86_64-linux-gnu -L/usr/lib/gcc/x86_64-linux-gnu/7/../../../../lib -L/lib/x86_64-linux-gnu -L/lib/../lib -L/usr/lib/x86_64-linux-gnu -L/usr/lib/../lib -L/usr/lib/gcc/x86_64-linux-gnu/7/../../.. -lgfortran -lm -lquadmath -lm  -lgfortran -lm -lquadmath >&5
conftest.c:29:1: warning: return type defaults to 'int' [-Wimplicit-int]
 main(){dgemm_();}
 ^~~~
conftest.c: In function 'main':
conftest.c:29:1: warning: old-style function definition [-Wold-style-definition]
conftest.c:29:8: warning: implicit declaration of function 'dgemm_' [-Wimplicit-function-declaration]
 main(){dgemm_();}
        ^~~~~~
conftest.c:29:8: warning: nested extern declaration of 'dgemm_' [-Wnested-externs]
/tmp/cc1vMH5p.o: In function `main':
/home/chandard/OpenFOAM/chandard-v1812/run/Overset1D/1DMatrix/laplacianFoam/twoDOverset/itsol-master/conftest.c:29: undefined reference to `dgemm_'
collect2: error: ld returned 1 exit status
configure:5211: $? = 1
configure: failed program was:
| /* confdefs.h */
| #define PACKAGE_NAME ""
| #define PACKAGE_TARNAME ""
| #define PACKAGE_VERSION ""
| #define PACKAGE_STRING ""
| #define PACKAGE_BUGREPORT ""
| #define PACKAGE_URL ""
| #define FC_FUNC(name,NAME) name ## _
| #define FC_FUNC_(name,NAME) name ## _
| #define STDC_HEADERS 1
| #define TIME_WITH_SYS_TIME 1
| #define HAVE_SYS_TYPES_H 1
| #define HAVE_SYS_STAT_H 1
| #define HAVE_STDLIB_H 1
| #define HAVE_STRING_H 1
| #define HAVE_MEMORY_H 1
| #define HAVE_STRINGS_H 1
| #define HAVE_INTTYPES_H 1
| #define HAVE_STDINT_H 1
| #define HAVE_UNISTD_H 1
| #define HAVE_LIMITS_H 1
| #define HAVE_CTYPE_H 1
| #define HAVE_SYS_TIME_H 1
| #define HAVE_SYS_RESOURCE_H 1
| #define HAVE_UNISTD_H 1
| #define HAVE_GETTIMEOFDAY 1
| #define HAVE_GETRUSAGE 1
| /* end confdefs.h.  */
| main(){dgemm_();}
configure:5251: /usr/bin/gcc  -o conftest -g -O2 -Wall -Wextra -Wmissing-declarations -Wmissing-prototypes -Wimplicit-function-declaration -Wunused -Wuninitialized -Wvla -Wformat -Wformat-security -Wmain -Wsequence-point -Wshadow -Wbad-function-cast -Wcomments -Wdeclaration-after-statement -Waddress -Wpointer-sign -Wempty-body -Wnested-externs -Wold-style-declaration -Wold-style-definition -Wmissing-field-initializers -Wmaybe-uninitialized -Wno-return-local-addr -Wreturn-type -Wsequence-point -Wundef -Wunknown-pragmas -Wunused-label -I/home/chandard/OpenFOAM/chandard-v1812/run/Overset1D/1DMatrix/laplacianFoam/twoDOverset/itsol-master/include  -I/usr/local/include -L/home/chandard/OpenFOAM/chandard-v1812/run/Overset1D/1DMatrix/laplacianFoam/twoDOverset/itsol-master/src  -L/usr/local/lib conftest.c -L/usr/local/lib  -lm  -L/usr/lib/gcc/x86_64-linux-gnu/7 -L/usr/lib/gcc/x86_64-linux-gnu/7/../../../x86_64-linux-gnu -L/usr/lib/gcc/x86_64-linux-gnu/7/../../../../lib -L/lib/x86_64-linux-gnu -L/lib/../lib -L/usr/lib/x86_64-linux-gnu -L/usr/lib/../lib -L/usr/lib/gcc/x86_64-linux-gnu/7/../../.. -lgfortran -lm -lquadmath -lm >&5
conftest.c:29:1: warning: return type defaults to 'int' [-Wimplicit-int]
 main(){dgemm_();}
 ^~~~
conftest.c: In function 'main':
conftest.c:29:1: warning: old-style function definition [-Wold-style-definition]
conftest.c:29:8: warning: implicit declaration of function 'dgemm_' [-Wimplicit-function-declaration]
 main(){dgemm_();}
        ^~~~~~
conftest.c:29:8: warning: nested extern declaration of 'dgemm_' [-Wnested-externs]
/tmp/cc43SBEx.o: In function `main':
/home/chandard/OpenFOAM/chandard-v1812/run/Overset1D/1DMatrix/laplacianFoam/twoDOverset/itsol-master/conftest.c:29: undefined reference to `dgemm_'
collect2: error: ld returned 1 exit status
configure:5251: $? = 1
configure: failed program was:
| /* confdefs.h */
| #define PACKAGE_NAME ""
| #define PACKAGE_TARNAME ""
| #define PACKAGE_VERSION ""
| #define PACKAGE_STRING ""
| #define PACKAGE_BUGREPORT ""
| #define PACKAGE_URL ""
| #define FC_FUNC(name,NAME) name ## _
| #define FC_FUNC_(name,NAME) name ## _
| #define STDC_HEADERS 1
| #define TIME_WITH_SYS_TIME 1
| #define HAVE_SYS_TYPES_H 1
| #define HAVE_SYS_STAT_H 1
| #define HAVE_STDLIB_H 1
| #define HAVE_STRING_H 1
| #define HAVE_MEMORY_H 1
| #define HAVE_STRINGS_H 1
| #define HAVE_INTTYPES_H 1
| #define HAVE_STDINT_H 1
| #define HAVE_UNISTD_H 1
| #define HAVE_LIMITS_H 1
| #define HAVE_CTYPE_H 1
| #define HAVE_SYS_TIME_H 1
| #define HAVE_SYS_RESOURCE_H 1
| #define HAVE_UNISTD_H 1
| #define HAVE_GETTIMEOFDAY 1
| #define HAVE_GETRUSAGE 1
| /* end confdefs.h.  */
| main(){dgemm_();}
configure:5269: result: no
configure:5279: * BLAS is disabled
configure:5303: checking whether we have LAPACK 
configure:5349: /usr/bin/gcc  -o conftest -g -O2 -Wall -Wextra -Wmissing-declarations -Wmissing-prototypes -Wimplicit-function-declaration -Wunused -Wuninitialized -Wvla -Wformat -Wformat-security -Wmain -Wsequence-point -Wshadow -Wbad-function-cast -Wcomments -Wdeclaration-after-statement -Waddress -Wpointer-sign -Wempty-body -Wnested-externs -Wold-style-declaration -Wold-style-definition -Wmissing-field-initializers -Wmaybe-uninitialized -Wno-return-local-addr -Wreturn-type -Wsequence-point -Wundef -Wunknown-pragmas -Wunused-label -I/home/chandard/OpenFOAM/chandard-v1812/run/Overset1D/1DMatrix/laplacianFoam/twoDOverset/itsol-master/include  -I/usr/local/include -L/home/chandard/OpenFOAM/chandard-v1812/run/Overset1D/1DMatrix/laplacianFoam/twoDOverset/itsol-master/src  -L/usr/local/lib conftest.c -L/usr/local/lib  -lm  -L/usr/lib/gcc/x86_64-linux-gnu/7 -L/usr/lib/gcc/x86_64-linux-gnu/7/../../../x86_64-linux-gnu -L/usr/lib/gcc/x86_64-linux-gnu/7/../../../../lib -L/lib/x86_64-linux-gnu -L/lib/../lib -L/usr/lib/x86_64-linux-gnu -L/usr/lib/../lib -L/usr/lib/gcc/x86_64-linux-gnu/7/../../.. -lgfortran -lm -lquadmath -lm >&5
conftest.c:30:1: warning: return type defaults to 'int' [-Wimplicit-int]
 main(){dgels_();}
 ^~~~
conftest.c: In function 'main':
conftest.c:30:1: warning: old-style function definition [-Wold-style-definition]
conftest.c:30:8: warning: implicit declaration of function 'dgels_' [-Wimplicit-function-declaration]
 main(){dgels_();}
        ^~~~~~
conftest.c:30:8: warning: nested extern declaration of 'dgels_' [-Wnested-externs]
/tmp/ccMyTTlF.o: In function `main':
/home/chandard/OpenFOAM/chandard-v1812/run/Overset1D/1DMatrix/laplacianFoam/twoDOverset/itsol-master/conftest.c:30: undefined reference to `dgels_'
collect2: error: ld returned 1 exit status
configure:5349: $? = 1
configure: failed program was:
| /* confdefs.h */
| #define PACKAGE_NAME ""
| #define PACKAGE_TARNAME ""
| #define PACKAGE_VERSION ""
| #define PACKAGE_STRING ""
| #define PACKAGE_BUGREPORT ""
| #define PACKAGE_URL ""
| #define FC_FUNC(name,NAME) name ## _
| #define FC_FUNC_(name,NAME) name ## _
| #define STDC_HEADERS 1
| #define TIME_WITH_SYS_TIME 1
| #define HAVE_SYS_TYPES_H 1
| #define HAVE_SYS_STAT_H 1
| #define HAVE_STDLIB_H 1
| #define HAVE_STRING_H 1
| #define HAVE_MEMORY_H 1
| #define HAVE_STRINGS_H 1
| #define HAVE_INTTYPES_H 1
| #define HAVE_STDINT_H 1
| #define HAVE_UNISTD_H 1
| #define HAVE_LIMITS_H 1
| #define HAVE_CTYPE_H 1
| #define HAVE_SYS_TIME_H 1
| #define HAVE_SYS_RESOURCE_H 1
| #define HAVE_UNISTD_H 1
| #define HAVE_GETTIMEOFDAY 1
| #define HAVE_GETRUSAGE 1
| #define USE_BLAS 0
| /* end confdefs.h.  */
| main(){dgels_();}
configure:5389: /usr/bin/gcc  -o conftest -g -O2 -Wall -Wextra -Wmissing-declarations -Wmissing-prototypes -Wimplicit-function-declaration -Wunused -Wuninitialized -Wvla -Wformat -Wformat-security -Wmain -Wsequence-point -Wshadow -Wbad-function-cast -Wcomments -Wdeclaration-after-statement -Waddress -Wpointer-sign -Wempty-body -Wnested-externs -Wold-style-declaration -Wold-style-definition -Wmissing-field-initializers -Wmaybe-uninitialized -Wno-return-local-addr -Wreturn-type -Wsequence-point -Wundef -Wunknown-pragmas -Wunused-label -I/home/chandard/OpenFOAM/chandard-v1812/run/Overset1D/1DMatrix/laplacianFoam/twoDOverset/itsol-master/include  -I/usr/local/include -L/home/chandard/OpenFOAM/chandard-v1812/run/Overset1D/1DMatrix/laplacianFoam/twoDOverset/itsol-master/src  -L/usr/local/lib conftest.c -L/usr/local/lib  -lm  -L/usr/lib/gcc/x86_64-linux-gnu/7 -L/usr/lib/gcc/x86_64-linux-gnu/7/../../../x86_64-linux-gnu -L/usr/lib/gcc/x86_64-linux-gnu/7/../../../../lib -L/lib/x86_64-linux-gnu -L/lib/../lib -L/usr/lib/x86_64-linux-gnu -L/usr/lib/../lib -L/usr/lib/gcc/x86_64-linux-gnu/7/../../.. -lgfortran -lm -lquadmath -lm  -lgfortran -lm -lquadmath >&5
conftest.c:30:1: warning: return type defaults to 'int' [-Wimplicit-int]
 main(){dgels_();}
 ^~~~
conftest.c: In function 'main':
conftest.c:30:1: warning: old-style function definition [-Wold-style-definition]
conftest.c:30:8: warning: implicit declaration of function 'dgels_' [-Wimplicit-function-declaration]
 main(){dgels_();}
        ^~~~~~
conftest.c:30:8: warning: nested extern declaration of 'dgels_' [-Wnested-externs]
/tmp/ccjxwY9R.o: In function `main':
/home/chandard/OpenFOAM/chandard-v1812/run/Overset1D/1DMatrix/laplacianFoam/twoDOverset/itsol-master/conftest.c:30: undefined reference to `dgels_'
collect2: error: ld returned 1 exit status
configure:5389: $? = 1
configure: failed program was:
| /* confdefs.h */
| #define PACKAGE_NAME ""
| #define PACKAGE_TARNAME ""
| #define PACKAGE_VERSION ""
| #define PACKAGE_STRING ""
| #define PACKAGE_BUGREPORT ""
| #define PACKAGE_URL ""
| #define FC_FUNC(name,NAME) name ## _
| #define FC_FUNC_(name,NAME) name ## _
| #define STDC_HEADERS 1
| #define TIME_WITH_SYS_TIME 1
| #define HAVE_SYS_TYPES_H 1
| #define HAVE_SYS_STAT_H 1
| #define HAVE_STDLIB_H 1
| #define HAVE_STRING_H 1
| #define HAVE_MEMORY_H 1
| #define HAVE_STRINGS_H 1
| #define HAVE_INTTYPES_H 1
| #define HAVE_STDINT_H 1
| #define HAVE_UNISTD_H 1
| #define HAVE_LIMITS_H 1
| #define HAVE_CTYPE_H 1
| #define HAVE_SYS_TIME_H 1
| #define HAVE_SYS_RESOURCE_H 1
| #define HAVE_UNISTD_H 1
| #define HAVE_GETTIMEOFDAY 1
| #define HAVE_GETRUSAGE 1
| #define USE_BLAS 0
| /* end confdefs.h.  */
| main(){dgels_();}
configure:5429: /usr/bin/gcc  -o conftest -g -O2 -Wall -Wextra -Wmissing-declarations -Wmissing-prototypes -Wimplicit-function-declaration -Wunused -Wuninitialized -Wvla -Wformat -Wformat-security -Wmain -Wsequence-point -Wshadow -Wbad-function-cast -Wcomments -Wdeclaration-after-statement -Waddress -Wpointer-sign -Wempty-body -Wnested-externs -Wold-style-declaration -Wold-style-definition -Wmissing-field-initializers -Wmaybe-uninitialized -Wno-return-local-addr -Wreturn-type -Wsequence-point -Wundef -Wunknown-pragmas -Wunused-label -I/home/chandard/OpenFOAM/chandard-v1812/run/Overset1D/1DMatrix/laplacianFoam/twoDOverset/itsol-master/include  -I/usr/local/include -L/home/chandard/OpenFOAM/chandard-v1812/run/Overset1D/1DMatrix/laplacianFoam/twoDOverset/itsol-master/src  -L/usr/local/lib conftest.c -L/usr/local/lib  -lm  -L/usr/lib/gcc/x86_64-linux-gnu/7 -L/usr/lib/gcc/x86_64-linux-gnu/7/../../../x86_64-linux-gnu -L/usr/lib/gcc/x86_64-linux-gnu/7/../../../../lib -L/lib/x86_64-linux-gnu -L/lib/../lib -L/usr/lib/x86_64-linux-gnu -L/usr/lib/../lib -L/usr/lib/gcc/x86_64-linux-gnu/7/../../.. -lgfortran -lm -lquadmath -lm >&5
conftest.c:30:1: warning: return type defaults to 'int' [-Wimplicit-int]
 main(){dgels_();}
 ^~~~
conftest.c: In function 'main':
conftest.c:30:1: warning: old-style function definition [-Wold-style-definition]
conftest.c:30:8: warning: implicit declaration of function 'dgels_' [-Wimplicit-function-declaration]
 main(){dgels_();}
        ^~~~~~
conftest.c:30:8: warning: nested extern declaration of 'dgels_' [-Wnested-externs]
/tmp/ccbu4Ev2.o: In function `main':
/home/chandard/OpenFOAM/chandard-v1812/run/Overset1D/1DMatrix/laplacianFoam/twoDOverset/itsol-master/conftest.c:30: undefined reference to `dgels_'
collect2: error: ld returned 1 exit status
configure:5429: $? = 1
configure: failed program was:
| /* confdefs.h */
| #define PACKAGE_NAME ""
| #define PACKAGE_TARNAME ""
| #define PACKAGE_VERSION ""
| #define PACKAGE_STRING ""
| #define PACKAGE_BUGREPORT ""
| #define PACKAGE_URL ""
| #define FC_FUNC(name,NAME) name ## _
| #define FC_FUNC_(name,NAME) name ## _
| #define STDC_HEADERS 1
| #define TIME_WITH_SYS_TIME 1
| #define HAVE_SYS_TYPES_H 1
| #define HAVE_SYS_STAT_H 1
| #define HAVE_STDLIB_H 1
| #define HAVE_STRING_H 1
| #define HAVE_MEMORY_H 1
| #define HAVE_STRINGS_H 1
| #define HAVE_INTTYPES_H 1
| #define HAVE_STDINT_H 1
| #define HAVE_UNISTD_H 1
| #define HAVE_LIMITS_H 1
| #define HAVE_CTYPE_H 1
| #define HAVE_SYS_TIME_H 1
| #define HAVE_SYS_RESOURCE_H 1
| #define HAVE_UNISTD_H 1
| #define HAVE_GETTIMEOFDAY 1
| #define HAVE_GETRUSAGE 1
| #define USE_BLAS 0
| /* end confdefs.h.  */
| main(){dgels_();}
configure:5447: result: no
configure:5457: * LAPACK is disabled
configure:5586: creating ./config.status

## ---------------------- ##
## Running config.status. ##
## ---------------------- ##

This file was extended by config.status, which was
generated by GNU Autoconf 2.69.  Invocation command line was

  CONFIG_FILES    = 
  CONFIG_HEADERS  = 
  CONFIG_LINKS    = 
  CONFIG_COMMANDS = 
  $ ./config.status 

on DESKTOP-H7G09FI

config.status:835: creating Makefile
config.status:835: creating Makefile.inc
config.status:835: creating include/config.h
config.status:1005: include/config.h is unchanged

## ---------------- ##
## Cache variables. ##
## ---------------- ##

ac_cv_build=x86_64-unknown-linux-gnu
ac_cv_c_compiler_gnu=yes
ac_cv_env_CC_set=
ac_cv_env_CC_value=
ac_cv_env_CFLAGS_set=
ac_cv_env_CFLAGS_value=
ac_cv_env_CPPFLAGS_set=
ac_cv_env_CPPFLAGS_value=
ac_cv_env_CPP_set=
ac_cv_env_CPP_value=
ac_cv_env_FCFLAGS_set=
ac_cv_env_FCFLAGS_value=
ac_cv_env_FC_set=
ac_cv_env_FC_value=
ac_cv_env_LDFLAGS_set=
ac_cv_env_LDFLAGS_value=
ac_cv_env_LIBS_set=
ac_cv_env_LIBS_value=
ac_cv_env_build_alias_set=
ac_cv_env_build_alias_value=
ac_cv_env_host_alias_set=
ac_cv_env_host_alias_value=
ac_cv_env_target_alias_set=
ac_cv_env_target_alias_value=
ac_cv_fc_compiler_gnu=yes
ac_cv_fc_dummy_main=none
ac_cv_fc_libs=' -L/usr/lib/gcc/x86_64-linux-gnu/7 -L/usr/lib/gcc/x86_64-linux-gnu/7/../../../x86_64-linux-gnu -L/usr/lib/gcc/x86_64-linux-gnu/7/../../../../lib -L/lib/x86_64-linux-gnu -L/lib/../lib -L/usr/lib/x86_64-linux-gnu -L/usr/lib/../lib -L/usr/lib/gcc/x86_64-linux-gnu/7/../../.. -lgfortran -lm -lquadmath'
ac_cv_fc_mangling='lower case, underscore, no extra underscore'
ac_cv_fortran_dummy_main=none
ac_cv_func_getrusage=yes
ac_cv_func_gettimeofday=yes
ac_cv_header_ctype_h=yes
ac_cv_header_inttypes_h=yes
ac_cv_header_limits_h=yes
ac_cv_header_memory_h=yes
ac_cv_header_stdc=yes
ac_cv_header_stdint_h=yes
ac_cv_header_stdlib_h=yes
ac_cv_header_string_h=yes
ac_cv_header_strings_h=yes
ac_cv_header_sys_resource_h=yes
ac_cv_header_sys_stat_h=yes
ac_cv_header_sys_time_h=yes
ac_cv_header_sys_types_h=yes
ac_cv_header_time=yes
ac_cv_header_unistd_h=yes
ac_cv_host=x86_64-unknown-linux-gnu
ac_cv_objext=o
ac_cv_path_EGREP='/bin/grep -E'
ac_cv_path_GREP=/bin/grep
ac_cv_prog_AR=ar
ac_cv_prog_CPP='gcc -E'
ac_cv_prog_ac_ct_CC=gcc
ac_cv_prog_ac_ct_FC=gfortran
ac_cv_prog_ac_ct_RANLIB=ranlib
ac_cv_prog_cc_c89=
ac_cv_prog_cc_g=yes
ac_cv_prog_fc_g=yes
ac_cv_prog_fc_v=-v

## ----------------- ##
## Output variables. ##
## ----------------- ##

AR='ar'
CC='/usr/bin/gcc '
CFLAGS='-g -O2 -Wall -Wextra -Wmissing-declarations -Wmissing-prototypes -Wimplicit-function-declaration -Wunused -Wuninitialized -Wvla -Wformat -Wformat-security -Wmain -Wsequence-point -Wshadow -Wbad-function-cast -Wcomments -Wdeclaration-after-statement -Waddress -Wpointer-sign -Wempty-body -Wnested-externs -Wold-style-declaration -Wold-style-definition -Wmissing-field-initializers -Wmaybe-uninitialized -Wno-return-local-addr -Wreturn-type -Wsequence-point -Wundef -Wunknown-pragmas -Wunused-label'
CPP='/usr/bin/gcc -E'
CPPFLAGS='-I/home/chandard/OpenFOAM/chandard-v1812/run/Overset1D/1DMatrix/laplacianFoam/twoDOverset/itsol-master/include  -I/usr/local/include'
DEFS='-DHAVE_CONFIG_H'
ECHO_C=''
ECHO_N='-n'
ECHO_T=''
EGREP='/bin/grep -E'
EXEEXT=''
FC='/usr/bin/gfortran '
FCFLAGS='-g -O2'
FCLIBS=' -L/usr/lib/gcc/x86_64-linux-gnu/7 -L/usr/lib/gcc/x86_64-linux-gnu/7/../../../x86_64-linux-gnu -L/usr/lib/gcc/x86_64-linux-gnu/7/../../../../lib -L/lib/x86_64-linux-gnu -L/lib/../lib -L/usr/lib/x86_64-linux-gnu -L/usr/lib/../lib -L/usr/lib/gcc/x86_64-linux-gnu/7/../../.. -lgfortran -lm -lquadmath'
GREP='/bin/grep'
LDFLAGS='-L/home/chandard/OpenFOAM/chandard-v1812/run/Overset1D/1DMatrix/laplacianFoam/twoDOverset/itsol-master/src  -L/usr/local/lib'
LIBOBJS=''
LIBS='-litsol -L/usr/local/lib  -lm  -L/usr/lib/gcc/x86_64-linux-gnu/7 -L/usr/lib/gcc/x86_64-linux-gnu/7/../../../x86_64-linux-gnu -L/usr/lib/gcc/x86_64-linux-gnu/7/../../../../lib -L/lib/x86_64-linux-gnu -L/lib/../lib -L/usr/lib/x86_64-linux-gnu -L/usr/lib/../lib -L/usr/lib/gcc/x86_64-linux-gnu/7/../../.. -lgfortran -lm -lquadmath -lm'
LINKER='/usr/bin/gcc '
LTLIBOBJS=''
OBJEXT='o'
PACKAGE_BUGREPORT=''
PACKAGE_NAME=''
PACKAGE_STRING=''
PACKAGE_TARNAME=''
PACKAGE_URL=''
PACKAGE_VERSION=''
PATH_SEPARATOR=':'
RANLIB='ranlib'
RPATH_FLAG='-Wl,-rpath,'
SHELL='/bin/bash'
ac_ct_CC='gcc'
ac_ct_FC='gfortran'
bindir='${exec_prefix}/bin'
build='x86_64-unknown-linux-gnu'
build_alias=''
build_cpu='x86_64'
build_os='linux-gnu'
build_vendor='unknown'
datadir='${datarootdir}'
datarootdir='${prefix}/share'
docdir='${datarootdir}/doc/${PACKAGE}'
dvidir='${docdir}'
exec_prefix='${prefix}'
host='x86_64-unknown-linux-gnu'
host_alias=''
host_cpu='x86_64'
host_os='linux-gnu'
host_vendor='unknown'
htmldir='${docdir}'
includedir='${prefix}/include'
infodir='${datarootdir}/info'
libdir='${exec_prefix}/lib'
libexecdir='${exec_prefix}/libexec'
localedir='${datarootdir}/locale'
localstatedir='${prefix}/var'
mandir='${datarootdir}/man'
oldincludedir='/usr/include'
pdfdir='${docdir}'
prefix='/home/chandard/OpenFOAM/chandard-v1812/run/Overset1D/1DMatrix/laplacianFoam/twoDOverset/itsol-master'
program_transform_name='s,x,x,'
psdir='${docdir}'
sbindir='${exec_prefix}/sbin'
sharedstatedir='${prefix}/com'
sysconfdir='${prefix}/etc'
target_alias=''

## ----------- ##
## confdefs.h. ##
## ----------- ##

/* confdefs.h */
#define PACKAGE_NAME ""
#define PACKAGE_TARNAME ""
#define PACKAGE_VERSION ""
#define PACKAGE_STRING ""
#define PACKAGE_BUGREPORT ""
#define PACKAGE_URL ""
#define FC_FUNC(name,NAME) name ## _
#define FC_FUNC_(name,NAME) name ## _
#define STDC_HEADERS 1
#define TIME_WITH_SYS_TIME 1
#define HAVE_SYS_TYPES_H 1
#define HAVE_SYS_STAT_H 1
#define HAVE_STDLIB_H 1
#define HAVE_STRING_H 1
#define HAVE_MEMORY_H 1
#define HAVE_STRINGS_H 1
#define HAVE_INTTYPES_H 1
#define HAVE_STDINT_H 1
#define HAVE_UNISTD_H 1
#define HAVE_LIMITS_H 1
#define HAVE_CTYPE_H 1
#define HAVE_SYS_TIME_H 1
#define HAVE_SYS_RESOURCE_H 1
#define HAVE_UNISTD_H 1
#define HAVE_GETTIMEOFDAY 1
#define HAVE_GETRUSAGE 1
#define USE_BLAS 0
#define USE_LAPACK 0

configure: exit 0
